<?xml version="1.0" encoding="UTF-8"?>
<!-- Generated by org.testng.reporters.JUnitReportReporter -->
<testsuite hostname="user1" failures="0" tests="9" name="parallelScripts.SampleThreeTest" time="0.155" errors="0" timestamp="2025-04-03T15:02:57 IST" skipped="0">
  <testcase classname="parallelScripts.SampleThreeTest" name="testFour" time="0.003"/>
  <testcase classname="parallelScripts.SampleThreeTest" name="testOne" time="0.003"/>
  <testcase classname="parallelScripts.SampleThreeTest" name="testFour" time="0.066"/>
  <testcase classname="parallelScripts.SampleThreeTest" name="testThree" time="0.001"/>
  <testcase classname="parallelScripts.SampleThreeTest" name="testFour" time="0.004"/>
  <testcase classname="parallelScripts.SampleThreeTest" name="testFour" time="0.030"/>
  <testcase classname="parallelScripts.SampleThreeTest" name="testFour" time="0.033"/>
  <testcase classname="parallelScripts.SampleThreeTest" name="testFour" time="0.014"/>
  <testcase classname="parallelScripts.SampleThreeTest" name="testTwo" time="0.001"/>
</testsuite> <!-- parallelScripts.SampleThreeTest -->
