<?xml version="1.0" encoding="UTF-8"?>
<!-- Generated by org.testng.reporters.JUnitReportReporter -->
<testsuite hostname="user1" failures="0" tests="1" name="testScripts.RemoteWebSampleTest" time="7.897" errors="0" timestamp="2025-04-07T16:07:24 IST" skipped="0">
  <testcase classname="testScripts.RemoteWebSampleTest" name="storesSearch" time="7.897"/>
</testsuite> <!-- testScripts.RemoteWebSampleTest -->
