<?xml version="1.0" encoding="UTF-8"?>
<!-- Generated by org.testng.reporters.JUnitReportReporter -->
<testsuite hostname="user1" failures="0" tests="3" name="groupScripts.SampleTwoTest" time="0.014" errors="0" timestamp="2025-04-02T16:32:23 IST" skipped="0">
  <testcase classname="groupScripts.SampleTwoTest" name="testOne" time="0.002"/>
  <testcase classname="groupScripts.SampleTwoTest" name="testTwo" time="0.007"/>
  <testcase classname="groupScripts.SampleTwoTest" name="testThree" time="0.005"/>
</testsuite> <!-- groupScripts.SampleTwoTest -->
