<?xml version="1.0" encoding="UTF-8"?>
<!-- Generated by org.testng.reporters.JUnitReportReporter -->
<testsuite hostname="user1" failures="0" tests="1" name="testScripts.WindowsHandleTest" time="15.520" errors="1" timestamp="2025-03-28T17:34:47 IST" skipped="0">
  <testcase classname="testScripts.WindowsHandleTest" name="checkWindows" time="15.520">
    <error message="element click intercepted: Element &lt;button id=&quot;windowButton&quot; type=&quot;button&quot; class=&quot;mt-4 btn btn-primary&quot;&gt;...&lt;/button&gt; is not clickable at point (419, 354). Other element would receive the click: &lt;iframe id=&quot;google_ads_iframe_/21849154601,22343295815/Ad.Plus-Anchor_0&quot; name=&quot;google_ads_iframe_/21849154601,22343295815/Ad.Plus-Anchor_0&quot; title=&quot;3rd party ad content&quot; width=&quot;970&quot; height=&quot;100&quot; scrolling=&quot;no&quot; marginwidth=&quot;0&quot; marginheight=&quot;0&quot; frameborder=&quot;0&quot; aria-label=&quot;Advertisement&quot; tabindex=&quot;0&quot; allow=&quot;private-state-token-redemption;attribution-reporting&quot; data-load-complete=&quot;true&quot; style=&quot;border: 0px; vertical-align: bottom;&quot; data-google-container-id=&quot;1&quot;&gt;&lt;/iframe&gt;
  (Session info: chrome=134.0.6998.167)
Build info: version: &#039;4.22.0&#039;, revision: &#039;c5f3146703*&#039;
System info: os.name: &#039;Windows 10&#039;, os.arch: &#039;amd64&#039;, os.version: &#039;10.0&#039;, java.version: &#039;17.0.9&#039;
Driver info: org.openqa.selenium.chrome.ChromeDriver
Command: [5ef81b1d1d2d39efede2575a051e18c3, clickElement {id=f.659B8C59201273C753ADD6C358FBEBD3.d.DA7B8F946D1A01AF1D05EB3E165811DF.e.76}]
Capabilities {acceptInsecureCerts: false, browserName: chrome, browserVersion: 134.0.6998.167, chrome: {chromedriverVersion: 134.0.6998.165 (fd886e2cb29..., userDataDir: C:\Windows\SystemTemp\scope...}, fedcm:accounts: true, goog:chromeOptions: {debuggerAddress: localhost:54333}, networkConnectionEnabled: false, pageLoadStrategy: normal, platformName: windows, proxy: Proxy(), se:cdp: ws://localhost:54333/devtoo..., se:cdpVersion: 134.0.6998.167, setWindowRect: true, strictFileInteractability: false, timeouts: {implicit: 0, pageLoad: 300000, script: 30000}, unhandledPromptBehavior: dismiss and notify, webauthn:extension:credBlob: true, webauthn:extension:largeBlob: true, webauthn:extension:minPinLength: true, webauthn:extension:prf: true, webauthn:virtualAuthenticators: true}
Element: [[ChromeDriver: chrome on windows (5ef81b1d1d2d39efede2575a051e18c3)] -&gt; id: windowButton]
Session ID: 5ef81b1d1d2d39efede2575a051e18c3" type="org.openqa.selenium.ElementClickInterceptedException">
      <![CDATA[org.openqa.selenium.ElementClickInterceptedException: element click intercepted: Element <button id="windowButton" type="button" class="mt-4 btn btn-primary">...</button> is not clickable at point (419, 354). Other element would receive the click: <iframe id="google_ads_iframe_/21849154601,22343295815/Ad.Plus-Anchor_0" name="google_ads_iframe_/21849154601,22343295815/Ad.Plus-Anchor_0" title="3rd party ad content" width="970" height="100" scrolling="no" marginwidth="0" marginheight="0" frameborder="0" aria-label="Advertisement" tabindex="0" allow="private-state-token-redemption;attribution-reporting" data-load-complete="true" style="border: 0px; vertical-align: bottom;" data-google-container-id="1"></iframe>
  (Session info: chrome=134.0.6998.167)
Build info: version: '4.22.0', revision: 'c5f3146703*'
System info: os.name: 'Windows 10', os.arch: 'amd64', os.version: '10.0', java.version: '17.0.9'
Driver info: org.openqa.selenium.chrome.ChromeDriver
Command: [5ef81b1d1d2d39efede2575a051e18c3, clickElement {id=f.659B8C59201273C753ADD6C358FBEBD3.d.DA7B8F946D1A01AF1D05EB3E165811DF.e.76}]
Capabilities {acceptInsecureCerts: false, browserName: chrome, browserVersion: 134.0.6998.167, chrome: {chromedriverVersion: 134.0.6998.165 (fd886e2cb29..., userDataDir: C:\Windows\SystemTemp\scope...}, fedcm:accounts: true, goog:chromeOptions: {debuggerAddress: localhost:54333}, networkConnectionEnabled: false, pageLoadStrategy: normal, platformName: windows, proxy: Proxy(), se:cdp: ws://localhost:54333/devtoo..., se:cdpVersion: 134.0.6998.167, setWindowRect: true, strictFileInteractability: false, timeouts: {implicit: 0, pageLoad: 300000, script: 30000}, unhandledPromptBehavior: dismiss and notify, webauthn:extension:credBlob: true, webauthn:extension:largeBlob: true, webauthn:extension:minPinLength: true, webauthn:extension:prf: true, webauthn:virtualAuthenticators: true}
Element: [[ChromeDriver: chrome on windows (5ef81b1d1d2d39efede2575a051e18c3)] -> id: windowButton]
Session ID: 5ef81b1d1d2d39efede2575a051e18c3
at java.base/jdk.internal.reflect.NativeConstructorAccessorImpl.newInstance0(Native Method)
at java.base/jdk.internal.reflect.NativeConstructorAccessorImpl.newInstance(NativeConstructorAccessorImpl.java:77)
at java.base/jdk.internal.reflect.DelegatingConstructorAccessorImpl.newInstance(DelegatingConstructorAccessorImpl.java:45)
at java.base/java.lang.reflect.Constructor.newInstanceWithCaller(Constructor.java:499)
at java.base/java.lang.reflect.Constructor.newInstance(Constructor.java:480)
at org.openqa.selenium.remote.ErrorCodec.decode(ErrorCodec.java:167)
at org.openqa.selenium.remote.codec.w3c.W3CHttpResponseCodec.decode(W3CHttpResponseCodec.java:138)
at org.openqa.selenium.remote.codec.w3c.W3CHttpResponseCodec.decode(W3CHttpResponseCodec.java:50)
at org.openqa.selenium.remote.HttpCommandExecutor.execute(HttpCommandExecutor.java:190)
at org.openqa.selenium.remote.service.DriverCommandExecutor.invokeExecute(DriverCommandExecutor.java:216)
at org.openqa.selenium.remote.service.DriverCommandExecutor.execute(DriverCommandExecutor.java:174)
at org.openqa.selenium.remote.RemoteWebDriver.execute(RemoteWebDriver.java:518)
at org.openqa.selenium.remote.RemoteWebElement.execute(RemoteWebElement.java:223)
at org.openqa.selenium.remote.RemoteWebElement.click(RemoteWebElement.java:76)
at testScripts.WindowsHandleTest.checkWindows(WindowsHandleTest.java:61)
at java.base/jdk.internal.reflect.NativeMethodAccessorImpl.invoke0(Native Method)
at java.base/jdk.internal.reflect.NativeMethodAccessorImpl.invoke(NativeMethodAccessorImpl.java:77)
at java.base/jdk.internal.reflect.DelegatingMethodAccessorImpl.invoke(DelegatingMethodAccessorImpl.java:43)
at java.base/java.lang.reflect.Method.invoke(Method.java:568)
at org.testng.internal.invokers.MethodInvocationHelper.invokeMethod(MethodInvocationHelper.java:141)
at org.testng.internal.invokers.TestInvoker.invokeMethod(TestInvoker.java:687)
at org.testng.internal.invokers.TestInvoker.invokeTestMethod(TestInvoker.java:230)
at org.testng.internal.invokers.MethodRunner.runInSequence(MethodRunner.java:63)
at org.testng.internal.invokers.TestInvoker$MethodInvocationAgent.invoke(TestInvoker.java:995)
at org.testng.internal.invokers.TestInvoker.invokeTestMethods(TestInvoker.java:203)
at org.testng.internal.invokers.TestMethodWorker.invokeTestMethods(TestMethodWorker.java:154)
at org.testng.internal.invokers.TestMethodWorker.run(TestMethodWorker.java:134)
at java.base/java.util.ArrayList.forEach(ArrayList.java:1511)
at org.testng.TestRunner.privateRun(TestRunner.java:741)
at org.testng.TestRunner.run(TestRunner.java:616)
at org.testng.SuiteRunner.runTest(SuiteRunner.java:421)
at org.testng.SuiteRunner.runSequentially(SuiteRunner.java:413)
at org.testng.SuiteRunner.privateRun(SuiteRunner.java:373)
at org.testng.SuiteRunner.run(SuiteRunner.java:312)
at org.testng.SuiteRunnerWorker.runSuite(SuiteRunnerWorker.java:52)
at org.testng.SuiteRunnerWorker.run(SuiteRunnerWorker.java:95)
at org.testng.TestNG.runSuitesSequentially(TestNG.java:1274)
at org.testng.TestNG.runSuitesLocally(TestNG.java:1208)
at org.testng.TestNG.runSuites(TestNG.java:1112)
at org.testng.TestNG.run(TestNG.java:1079)
at org.testng.remote.AbstractRemoteTestNG.run(AbstractRemoteTestNG.java:115)
at org.testng.remote.RemoteTestNG.initAndRun(RemoteTestNG.java:293)
at org.testng.remote.RemoteTestNG.main(RemoteTestNG.java:91)
]]>
    </error>
  </testcase> <!-- checkWindows -->
</testsuite> <!-- testScripts.WindowsHandleTest -->
