<?xml version="1.0" encoding="UTF-8"?>
<!-- Generated by org.testng.reporters.JUnitReportReporter -->
<testsuite hostname="user1" failures="0" tests="1" name="testScripts.RadioButton" time="5.076" errors="0" timestamp="2025-03-27T15:49:59 IST" skipped="0">
  <testcase classname="testScripts.RadioButton" name="selectRadioButton" time="5.076"/>
</testsuite> <!-- testScripts.RadioButton -->
