<?xml version="1.0" encoding="UTF-8"?>
<!-- Generated by org.testng.reporters.JUnitReportReporter -->
<testsuite hostname="user1" failures="0" tests="1" name="groupScripts.SampleOneTest" time="0.017" errors="0" timestamp="2025-04-02T18:02:36 IST" skipped="0">
  <testcase classname="groupScripts.SampleOneTest" name="testOne" time="0.017"/>
</testsuite> <!-- groupScripts.SampleOneTest -->
