<?xml version="1.0" encoding="UTF-8"?>
<!-- Generated by org.testng.reporters.JUnitReportReporter -->
<testsuite hostname="user1" failures="0" tests="12" name="parallelScripts.SampleOneTest" time="0.173" errors="0" timestamp="2025-04-03T14:45:39 IST" skipped="0">
  <testcase classname="parallelScripts.SampleOneTest" name="testFour" time="0.001"/>
  <testcase classname="parallelScripts.SampleOneTest" name="testOne" time="0.002"/>
  <testcase classname="parallelScripts.SampleOneTest" name="testTwo" time="0.003"/>
  <testcase classname="parallelScripts.SampleOneTest" name="testFour" time="0.010"/>
  <testcase classname="parallelScripts.SampleOneTest" name="testTwo" time="0.001"/>
  <testcase classname="parallelScripts.SampleOneTest" name="testThree" time="0.002"/>
  <testcase classname="parallelScripts.SampleOneTest" name="testTwo" time="0.001"/>
  <testcase classname="parallelScripts.SampleOneTest" name="testThree" time="0.005"/>
  <testcase classname="parallelScripts.SampleOneTest" name="testOne" time="0.004"/>
  <testcase classname="parallelScripts.SampleOneTest" name="testOne" time="0.027"/>
  <testcase classname="parallelScripts.SampleOneTest" name="testFour" time="0.013"/>
  <testcase classname="parallelScripts.SampleOneTest" name="testThree" time="0.104"/>
</testsuite> <!-- parallelScripts.SampleOneTest -->
