<?xml version="1.0" encoding="UTF-8"?>
<!-- Generated by org.testng.reporters.JUnitReportReporter -->
<testsuite hostname="user1" failures="0" tests="3" name="groupScripts.SampleOneTest" time="0.024" errors="0" timestamp="2025-04-02T16:32:23 IST" skipped="0">
  <testcase classname="groupScripts.SampleOneTest" name="testThree" time="0.003"/>
  <testcase classname="groupScripts.SampleOneTest" name="testTwo" time="0.005"/>
  <testcase classname="groupScripts.SampleOneTest" name="testOne" time="0.016"/>
</testsuite> <!-- groupScripts.SampleOneTest -->
