<?xml version="1.0" encoding="UTF-8"?>
<!-- Generated by org.testng.reporters.JUnitReportReporter -->
<testsuite hostname="user1" failures="0" tests="12" name="parallelScripts.SampleTwoTest" time="0.227" errors="0" timestamp="2025-04-03T14:45:39 IST" skipped="0">
  <testcase classname="parallelScripts.SampleTwoTest" name="testOne" time="0.005"/>
  <testcase classname="parallelScripts.SampleTwoTest" name="testFour" time="0.000"/>
  <testcase classname="parallelScripts.SampleTwoTest" name="testTwo" time="0.003"/>
  <testcase classname="parallelScripts.SampleTwoTest" name="testThree" time="0.002"/>
  <testcase classname="parallelScripts.SampleTwoTest" name="testOne" time="0.002"/>
  <testcase classname="parallelScripts.SampleTwoTest" name="testTwo" time="0.000"/>
  <testcase classname="parallelScripts.SampleTwoTest" name="testFour" time="0.003"/>
  <testcase classname="parallelScripts.SampleTwoTest" name="testOne" time="0.002"/>
  <testcase classname="parallelScripts.SampleTwoTest" name="testFour" time="0.001"/>
  <testcase classname="parallelScripts.SampleTwoTest" name="testThree" time="0.204"/>
  <testcase classname="parallelScripts.SampleTwoTest" name="testThree" time="0.003"/>
  <testcase classname="parallelScripts.SampleTwoTest" name="testTwo" time="0.002"/>
</testsuite> <!-- parallelScripts.SampleTwoTest -->
