<?xml version="1.0" encoding="UTF-8"?>
<!-- Generated by org.testng.reporters.JUnitReportReporter -->
<testsuite hostname="user1" failures="0" tests="1" name="testScripts.DownLoadTest" time="4.279" errors="0" timestamp="2025-03-28T14:59:33 IST" skipped="0">
  <testcase classname="testScripts.DownLoadTest" name="fileDownLoad" time="4.279"/>
</testsuite> <!-- testScripts.DownLoadTest -->
