<?xml version="1.0" encoding="UTF-8"?>
<!-- Generated by org.testng.reporters.JUnitReportReporter -->
<testsuite hostname="user1" failures="0" tests="1" name="testScripts.SearchProduct" time="10.035" errors="0" timestamp="2025-03-27T16:26:29 IST" skipped="0">
  <testcase classname="testScripts.SearchProduct" name="selectProduct" time="10.035"/>
</testsuite> <!-- testScripts.SearchProduct -->
