<?xml version="1.0" encoding="UTF-8"?>
<!-- Generated by org.testng.reporters.JUnitReportReporter -->
<testsuite hostname="user1" failures="0" tests="1" name="testScripts.UploadFileTest" time="2.618" errors="0" timestamp="2025-03-28T14:20:51 IST" skipped="0">
  <testcase classname="testScripts.UploadFileTest" name="upLoadFile" time="2.618"/>
</testsuite> <!-- testScripts.UploadFileTest -->
