<?xml version="1.0" encoding="UTF-8"?>
<!-- Generated by org.testng.reporters.JUnitReportReporter -->
<testsuite hostname="user1" failures="0" tests="1" name="groupScripts.SampleThreeTest" time="0.005" errors="0" timestamp="2025-04-02T18:02:36 IST" skipped="0">
  <testcase classname="groupScripts.SampleThreeTest" name="testOne" time="0.005"/>
</testsuite> <!-- groupScripts.SampleThreeTest -->
